14/02/13 12:28:53 INFO util.HadoopUtil: resolving application jar from found main method on: impatient.Main
14/02/13 12:28:53 INFO planner.HadoopPlanner: using application jar: /home/fs111/code/concurrent/Impatient/part3/./build/libs/impatient.jar
14/02/13 12:28:53 INFO property.AppProps: using app.id: 74E8C16668E34024B6A946830CF46D2E
14/02/13 12:28:54 WARN util.NativeCodeLoader: Unable to load native-hadoop library for your platform... using builtin-java classes where applicable
14/02/13 12:28:54 INFO Configuration.deprecation: mapred.jar is deprecated. Instead, use mapreduce.job.jar
14/02/13 12:28:54 INFO mapred.FileInputFormat: Total input paths to process : 1
14/02/13 12:28:54 INFO Configuration.deprecation: mapred.used.genericoptionsparser is deprecated. Instead, use mapreduce.client.genericoptionsparser.used
14/02/13 12:28:54 INFO Configuration.deprecation: mapred.job.tracker is deprecated. Instead, use mapreduce.jobtracker.address
14/02/13 12:28:54 INFO Configuration.deprecation: mapred.output.compress is deprecated. Instead, use mapreduce.output.fileoutputformat.compress
14/02/13 12:28:54 INFO util.Version: Concurrent, Inc - Cascading 2.5.2
14/02/13 12:28:54 INFO flow.Flow: [wc] starting
14/02/13 12:28:54 INFO flow.Flow: [wc]  source: Hfs["TextDelimited[['doc_id', 'text']]"]["data/rain.txt"]
14/02/13 12:28:54 INFO flow.Flow: [wc]  sink: Hfs["TextDelimited[['token', 'count']]"]["output/wc"]
14/02/13 12:28:54 INFO flow.Flow: [wc]  parallel execution is enabled: false
14/02/13 12:28:54 INFO flow.Flow: [wc]  starting jobs: 1
14/02/13 12:28:54 INFO flow.Flow: [wc]  allocating threads: 1
14/02/13 12:28:54 INFO flow.FlowStep: [wc] starting step: (1/1) output/wc
14/02/13 12:28:54 INFO Configuration.deprecation: session.id is deprecated. Instead, use dfs.metrics.session-id
14/02/13 12:28:54 INFO jvm.JvmMetrics: Initializing JVM Metrics with processName=JobTracker, sessionId=
14/02/13 12:28:54 INFO jvm.JvmMetrics: Cannot initialize JVM Metrics with processName=JobTracker, sessionId= - already initialized
14/02/13 12:28:54 INFO Configuration.deprecation: mapred.input.dir is deprecated. Instead, use mapreduce.input.fileinputformat.inputdir
14/02/13 12:28:54 INFO mapred.FileInputFormat: Total input paths to process : 1
14/02/13 12:28:54 INFO mapreduce.JobSubmitter: number of splits:1
14/02/13 12:28:54 INFO Configuration.deprecation: user.name is deprecated. Instead, use mapreduce.job.user.name
14/02/13 12:28:54 INFO Configuration.deprecation: mapred.output.value.class is deprecated. Instead, use mapreduce.job.output.value.class
14/02/13 12:28:54 INFO Configuration.deprecation: mapred.output.key.comparator.class is deprecated. Instead, use mapreduce.job.output.key.comparator.class
14/02/13 12:28:54 INFO Configuration.deprecation: mapred.mapoutput.value.class is deprecated. Instead, use mapreduce.map.output.value.class
14/02/13 12:28:54 INFO Configuration.deprecation: mapred.job.name is deprecated. Instead, use mapreduce.job.name
14/02/13 12:28:54 INFO Configuration.deprecation: mapred.output.dir is deprecated. Instead, use mapreduce.output.fileoutputformat.outputdir
14/02/13 12:28:54 INFO Configuration.deprecation: mapred.map.tasks is deprecated. Instead, use mapreduce.job.maps
14/02/13 12:28:54 INFO Configuration.deprecation: mapred.output.key.class is deprecated. Instead, use mapreduce.job.output.key.class
14/02/13 12:28:54 INFO Configuration.deprecation: mapred.mapoutput.key.class is deprecated. Instead, use mapreduce.map.output.key.class
14/02/13 12:28:54 INFO Configuration.deprecation: mapred.working.dir is deprecated. Instead, use mapreduce.job.working.dir
14/02/13 12:28:54 INFO mapreduce.JobSubmitter: Submitting tokens for job: job_local682171687_0001
14/02/13 12:28:54 WARN conf.Configuration: file:/tmp/hadoop-fs111/mapred/staging/fs111682171687/.staging/job_local682171687_0001/job.xml:an attempt to override final parameter: mapreduce.job.end-notification.max.retry.interval;  Ignoring.
14/02/13 12:28:54 WARN conf.Configuration: file:/tmp/hadoop-fs111/mapred/staging/fs111682171687/.staging/job_local682171687_0001/job.xml:an attempt to override final parameter: mapreduce.job.end-notification.max.attempts;  Ignoring.
14/02/13 12:28:55 WARN conf.Configuration: file:/tmp/hadoop-fs111/mapred/local/localRunner/fs111/job_local682171687_0001/job_local682171687_0001.xml:an attempt to override final parameter: mapreduce.job.end-notification.max.retry.interval;  Ignoring.
14/02/13 12:28:55 WARN conf.Configuration: file:/tmp/hadoop-fs111/mapred/local/localRunner/fs111/job_local682171687_0001/job_local682171687_0001.xml:an attempt to override final parameter: mapreduce.job.end-notification.max.attempts;  Ignoring.
14/02/13 12:28:55 INFO mapreduce.Job: The url to track the job: http://localhost:8080/
14/02/13 12:28:55 INFO mapred.LocalJobRunner: OutputCommitter set in config null
14/02/13 12:28:55 INFO flow.FlowStep: [wc] submitted hadoop job: job_local682171687_0001
14/02/13 12:28:55 INFO flow.FlowStep: [wc] tracking url: http://localhost:8080/
14/02/13 12:28:55 INFO mapred.LocalJobRunner: OutputCommitter is org.apache.hadoop.mapred.FileOutputCommitter
14/02/13 12:28:55 INFO mapred.LocalJobRunner: Waiting for map tasks
14/02/13 12:28:55 INFO mapred.LocalJobRunner: Starting task: attempt_local682171687_0001_m_000000_0
14/02/13 12:28:55 INFO mapred.Task:  Using ResourceCalculatorProcessTree : [ ]
14/02/13 12:28:55 INFO io.MultiInputSplit: current split input path: file:/home/fs111/code/concurrent/Impatient/part3/data/rain.txt
14/02/13 12:28:55 INFO mapred.MapTask: Processing split: cascading.tap.hadoop.io.MultiInputSplit@3cd0d12e
14/02/13 12:28:55 INFO mapred.MapTask: numReduceTasks: 1
14/02/13 12:28:55 INFO mapred.MapTask: Map output collector class = org.apache.hadoop.mapred.MapTask$MapOutputBuffer
14/02/13 12:28:55 INFO mapred.MapTask: (EQUATOR) 0 kvi 26214396(104857584)
14/02/13 12:28:55 INFO mapred.MapTask: mapreduce.task.io.sort.mb: 100
14/02/13 12:28:55 INFO mapred.MapTask: soft limit at 83886080
14/02/13 12:28:55 INFO mapred.MapTask: bufstart = 0; bufvoid = 104857600
14/02/13 12:28:55 INFO mapred.MapTask: kvstart = 26214396; length = 6553600
14/02/13 12:28:55 INFO hadoop.FlowMapper: cascading version: 2.5.2
14/02/13 12:28:55 INFO hadoop.FlowMapper: child jvm opts: -Xmx200m
14/02/13 12:28:55 INFO Configuration.deprecation: mapred.task.partition is deprecated. Instead, use mapreduce.task.partition
14/02/13 12:28:55 INFO hadoop.FlowMapper: sourcing from: Hfs["TextDelimited[['doc_id', 'text']]"]["data/rain.txt"]
14/02/13 12:28:55 INFO hadoop.FlowMapper: sinking to: GroupBy(wc)[by:[{1}:'token']]
14/02/13 12:28:55 INFO mapred.LocalJobRunner: 
14/02/13 12:28:55 INFO mapred.MapTask: Starting flush of map output
14/02/13 12:28:55 INFO mapred.MapTask: Spilling map output
14/02/13 12:28:55 INFO mapred.MapTask: bufstart = 0; bufend = 1077; bufvoid = 104857600
14/02/13 12:28:55 INFO mapred.MapTask: kvstart = 26214396(104857584); kvend = 26214044(104856176); length = 353/6553600
14/02/13 12:28:55 INFO mapred.MapTask: Finished spill 0
14/02/13 12:28:55 INFO mapred.Task: Task:attempt_local682171687_0001_m_000000_0 is done. And is in the process of committing
14/02/13 12:28:55 INFO mapred.LocalJobRunner: file:/home/fs111/code/concurrent/Impatient/part3/data/rain.txt:0+510
14/02/13 12:28:55 INFO mapred.Task: Task 'attempt_local682171687_0001_m_000000_0' done.
14/02/13 12:28:55 INFO mapred.LocalJobRunner: Finishing task: attempt_local682171687_0001_m_000000_0
14/02/13 12:28:55 INFO mapred.LocalJobRunner: Map task executor complete.
14/02/13 12:28:55 INFO mapred.Task:  Using ResourceCalculatorProcessTree : [ ]
14/02/13 12:28:55 INFO mapred.Merger: Merging 1 sorted segments
14/02/13 12:28:55 INFO mapred.Merger: Down to the last merge-pass, with 1 segments left of total size: 1248 bytes
14/02/13 12:28:55 INFO mapred.LocalJobRunner: 
14/02/13 12:28:55 INFO hadoop.FlowReducer: cascading version: 2.5.2
14/02/13 12:28:55 INFO hadoop.FlowReducer: child jvm opts: -Xmx200m
14/02/13 12:28:55 INFO hadoop.FlowReducer: sourcing from: GroupBy(wc)[by:[{1}:'token']]
14/02/13 12:28:55 INFO hadoop.FlowReducer: sinking to: Hfs["TextDelimited[['token', 'count']]"]["output/wc"]
14/02/13 12:28:55 INFO mapred.Task: Task:attempt_local682171687_0001_r_000000_0 is done. And is in the process of committing
14/02/13 12:28:55 INFO mapred.LocalJobRunner: 
14/02/13 12:28:55 INFO mapred.Task: Task attempt_local682171687_0001_r_000000_0 is allowed to commit now
14/02/13 12:28:55 INFO output.FileOutputCommitter: Saved output of task 'attempt_local682171687_0001_r_000000_0' to file:/home/fs111/code/concurrent/Impatient/part3/output/wc/_temporary/0/task_local682171687_0001_r_000000
14/02/13 12:28:55 INFO mapred.LocalJobRunner: reduce > reduce
14/02/13 12:28:55 INFO mapred.Task: Task 'attempt_local682171687_0001_r_000000_0' done.
14/02/13 12:29:00 INFO util.Hadoop18TapUtil: deleting temp path output/wc/_temporary
